{
  "0 debug pnpm:scope": {
    "selected": 1
  },
  "1 error pnpm": {
    "errno": 1,
    "code": "ELIFECYCLE",
    "pkgid": "hangover-screen@0.1.0",
    "stage": "serve",
    "script": "vue-cli-service serve",
    "pkgname": "hangover-screen",
    "err": {
      "name": "pnpm",
      "message": "hangover-screen@0.1.0 serve: `vue-cli-service serve`\nExit status 1",
      "code": "ELIFECYCLE",
      "stack": "pnpm: hangover-screen@0.1.0 serve: `vue-cli-service serve`\nExit status 1\n    at EventEmitter.<anonymous> (C:\\Users\\pcoto\\AppData\\Roaming\\npm\\node_modules\\pnpm\\dist\\pnpm.cjs:104931:20)\n    at EventEmitter.emit (events.js:400:28)\n    at ChildProcess.<anonymous> (C:\\Users\\pcoto\\AppData\\Roaming\\npm\\node_modules\\pnpm\\dist\\pnpm.cjs:92920:18)\n    at ChildProcess.emit (events.js:400:28)\n    at maybeClose (internal/child_process.js:1055:16)\n    at Process.ChildProcess._handle.onexit (internal/child_process.js:288:5)"
    }
  },
  "2 warn pnpm:global": " Local package.json exists, but node_modules missing, did you mean to install?"
}